<?xml version="1.0" encoding="UTF-8"?>
<testsuite xmlns:xsi="http://www.w3.org/2001/XMLSchema-instance" xsi:noNamespaceSchemaLocation="https://maven.apache.org/surefire/maven-surefire-plugin/xsd/surefire-test-report.xsd" version="3.0.2" name="henrotaym.env.feature.PlayerEndpointFeatureTest" time="27.617" tests="4" errors="0" skipped="0" failures="0">
  <properties>
    <property name="java.specification.version" value="24"/>
    <property name="sun.jnu.encoding" value="ANSI_X3.4-1968"/>
    <property name="java.class.path" value="/opt/apps/app/target/test-classes:/opt/apps/app/target/classes:/opt/apps/maven/repository/org/springframework/boot/spring-boot-starter-data-jpa/3.4.5/spring-boot-starter-data-jpa-3.4.5.jar:/opt/apps/maven/repository/org/springframework/boot/spring-boot-starter/3.4.5/spring-boot-starter-3.4.5.jar:/opt/apps/maven/repository/org/springframework/boot/spring-boot-starter-logging/3.4.5/spring-boot-starter-logging-3.4.5.jar:/opt/apps/maven/repository/ch/qos/logback/logback-classic/1.5.18/logback-classic-1.5.18.jar:/opt/apps/maven/repository/ch/qos/logback/logback-core/1.5.18/logback-core-1.5.18.jar:/opt/apps/maven/repository/org/apache/logging/log4j/log4j-to-slf4j/2.24.3/log4j-to-slf4j-2.24.3.jar:/opt/apps/maven/repository/org/apache/logging/log4j/log4j-api/2.24.3/log4j-api-2.24.3.jar:/opt/apps/maven/repository/org/slf4j/jul-to-slf4j/2.0.17/jul-to-slf4j-2.0.17.jar:/opt/apps/maven/repository/org/springframework/boot/spring-boot-starter-jdbc/3.4.5/spring-boot-starter-jdbc-3.4.5.jar:/opt/apps/maven/repository/com/zaxxer/HikariCP/5.1.0/HikariCP-5.1.0.jar:/opt/apps/maven/repository/org/springframework/spring-jdbc/6.2.6/spring-jdbc-6.2.6.jar:/opt/apps/maven/repository/org/hibernate/orm/hibernate-core/6.6.13.Final/hibernate-core-6.6.13.Final.jar:/opt/apps/maven/repository/jakarta/transaction/jakarta.transaction-api/2.0.1/jakarta.transaction-api-2.0.1.jar:/opt/apps/maven/repository/org/jboss/logging/jboss-logging/3.6.1.Final/jboss-logging-3.6.1.Final.jar:/opt/apps/maven/repository/org/hibernate/common/hibernate-commons-annotations/7.0.3.Final/hibernate-commons-annotations-7.0.3.Final.jar:/opt/apps/maven/repository/io/smallrye/jandex/3.2.0/jandex-3.2.0.jar:/opt/apps/maven/repository/com/fasterxml/classmate/1.7.0/classmate-1.7.0.jar:/opt/apps/maven/repository/net/bytebuddy/byte-buddy/1.15.11/byte-buddy-1.15.11.jar:/opt/apps/maven/repository/org/glassfish/jaxb/jaxb-runtime/4.0.5/jaxb-runtime-4.0.5.jar:/opt/apps/maven/repository/org/glassfish/jaxb/jaxb-core/4.0.5/jaxb-core-4.0.5.jar:/opt/apps/maven/repository/org/eclipse/angus/angus-activation/2.0.2/angus-activation-2.0.2.jar:/opt/apps/maven/repository/org/glassfish/jaxb/txw2/4.0.5/txw2-4.0.5.jar:/opt/apps/maven/repository/com/sun/istack/istack-commons-runtime/4.1.2/istack-commons-runtime-4.1.2.jar:/opt/apps/maven/repository/jakarta/inject/jakarta.inject-api/2.0.1/jakarta.inject-api-2.0.1.jar:/opt/apps/maven/repository/org/antlr/antlr4-runtime/4.13.0/antlr4-runtime-4.13.0.jar:/opt/apps/maven/repository/org/springframework/data/spring-data-jpa/3.4.5/spring-data-jpa-3.4.5.jar:/opt/apps/maven/repository/org/springframework/data/spring-data-commons/3.4.5/spring-data-commons-3.4.5.jar:/opt/apps/maven/repository/org/springframework/spring-orm/6.2.6/spring-orm-6.2.6.jar:/opt/apps/maven/repository/org/springframework/spring-aop/6.2.6/spring-aop-6.2.6.jar:/opt/apps/maven/repository/org/springframework/spring-beans/6.2.6/spring-beans-6.2.6.jar:/opt/apps/maven/repository/org/slf4j/slf4j-api/2.0.17/slf4j-api-2.0.17.jar:/opt/apps/maven/repository/org/springframework/spring-aspects/6.2.6/spring-aspects-6.2.6.jar:/opt/apps/maven/repository/org/aspectj/aspectjweaver/1.9.24/aspectjweaver-1.9.24.jar:/opt/apps/maven/repository/org/springframework/boot/spring-boot-starter-validation/3.4.5/spring-boot-starter-validation-3.4.5.jar:/opt/apps/maven/repository/org/apache/tomcat/embed/tomcat-embed-el/10.1.40/tomcat-embed-el-10.1.40.jar:/opt/apps/maven/repository/org/hibernate/validator/hibernate-validator/8.0.2.Final/hibernate-validator-8.0.2.Final.jar:/opt/apps/maven/repository/jakarta/validation/jakarta.validation-api/3.0.2/jakarta.validation-api-3.0.2.jar:/opt/apps/maven/repository/org/springframework/boot/spring-boot-starter-web/3.4.5/spring-boot-starter-web-3.4.5.jar:/opt/apps/maven/repository/org/springframework/boot/spring-boot-starter-json/3.4.5/spring-boot-starter-json-3.4.5.jar:/opt/apps/maven/repository/com/fasterxml/jackson/core/jackson-databind/2.18.3/jackson-databind-2.18.3.jar:/opt/apps/maven/repository/com/fasterxml/jackson/core/jackson-annotations/2.18.3/jackson-annotations-2.18.3.jar:/opt/apps/maven/repository/com/fasterxml/jackson/core/jackson-core/2.18.3/jackson-core-2.18.3.jar:/opt/apps/maven/repository/com/fasterxml/jackson/datatype/jackson-datatype-jdk8/2.18.3/jackson-datatype-jdk8-2.18.3.jar:/opt/apps/maven/repository/com/fasterxml/jackson/datatype/jackson-datatype-jsr310/2.18.3/jackson-datatype-jsr310-2.18.3.jar:/opt/apps/maven/repository/com/fasterxml/jackson/module/jackson-module-parameter-names/2.18.3/jackson-module-parameter-names-2.18.3.jar:/opt/apps/maven/repository/org/springframework/boot/spring-boot-starter-tomcat/3.4.5/spring-boot-starter-tomcat-3.4.5.jar:/opt/apps/maven/repository/org/apache/tomcat/embed/tomcat-embed-core/10.1.40/tomcat-embed-core-10.1.40.jar:/opt/apps/maven/repository/org/apache/tomcat/embed/tomcat-embed-websocket/10.1.40/tomcat-embed-websocket-10.1.40.jar:/opt/apps/maven/repository/org/springframework/spring-web/6.2.6/spring-web-6.2.6.jar:/opt/apps/maven/repository/org/springframework/spring-webmvc/6.2.6/spring-webmvc-6.2.6.jar:/opt/apps/maven/repository/org/springframework/spring-expression/6.2.6/spring-expression-6.2.6.jar:/opt/apps/maven/repository/com/squareup/okhttp/okhttp/2.7.5/okhttp-2.7.5.jar:/opt/apps/maven/repository/com/squareup/okio/okio/1.6.0/okio-1.6.0.jar:/opt/apps/maven/repository/org/springframework/boot/spring-boot-devtools/3.4.5/spring-boot-devtools-3.4.5.jar:/opt/apps/maven/repository/org/springframework/boot/spring-boot/3.4.5/spring-boot-3.4.5.jar:/opt/apps/maven/repository/org/springframework/boot/spring-boot-autoconfigure/3.4.5/spring-boot-autoconfigure-3.4.5.jar:/opt/apps/maven/repository/com/mysql/mysql-connector-j/9.1.0/mysql-connector-j-9.1.0.jar:/opt/apps/maven/repository/org/projectlombok/lombok/1.18.38/lombok-1.18.38.jar:/opt/apps/maven/repository/org/springframework/boot/spring-boot-starter-test/3.4.5/spring-boot-starter-test-3.4.5.jar:/opt/apps/maven/repository/org/springframework/boot/spring-boot-test/3.4.5/spring-boot-test-3.4.5.jar:/opt/apps/maven/repository/org/springframework/boot/spring-boot-test-autoconfigure/3.4.5/spring-boot-test-autoconfigure-3.4.5.jar:/opt/apps/maven/repository/com/jayway/jsonpath/json-path/2.9.0/json-path-2.9.0.jar:/opt/apps/maven/repository/jakarta/xml/bind/jakarta.xml.bind-api/4.0.2/jakarta.xml.bind-api-4.0.2.jar:/opt/apps/maven/repository/jakarta/activation/jakarta.activation-api/2.1.3/jakarta.activation-api-2.1.3.jar:/opt/apps/maven/repository/net/minidev/json-smart/2.5.2/json-smart-2.5.2.jar:/opt/apps/maven/repository/net/minidev/accessors-smart/2.5.2/accessors-smart-2.5.2.jar:/opt/apps/maven/repository/org/ow2/asm/asm/9.7.1/asm-9.7.1.jar:/opt/apps/maven/repository/org/assertj/assertj-core/3.26.3/assertj-core-3.26.3.jar:/opt/apps/maven/repository/org/awaitility/awaitility/4.2.2/awaitility-4.2.2.jar:/opt/apps/maven/repository/org/hamcrest/hamcrest/2.2/hamcrest-2.2.jar:/opt/apps/maven/repository/org/junit/jupiter/junit-jupiter/5.11.4/junit-jupiter-5.11.4.jar:/opt/apps/maven/repository/org/junit/jupiter/junit-jupiter-api/5.11.4/junit-jupiter-api-5.11.4.jar:/opt/apps/maven/repository/org/opentest4j/opentest4j/1.3.0/opentest4j-1.3.0.jar:/opt/apps/maven/repository/org/junit/platform/junit-platform-commons/1.11.4/junit-platform-commons-1.11.4.jar:/opt/apps/maven/repository/org/apiguardian/apiguardian-api/1.1.2/apiguardian-api-1.1.2.jar:/opt/apps/maven/repository/org/junit/jupiter/junit-jupiter-params/5.11.4/junit-jupiter-params-5.11.4.jar:/opt/apps/maven/repository/org/junit/jupiter/junit-jupiter-engine/5.11.4/junit-jupiter-engine-5.11.4.jar:/opt/apps/maven/repository/org/junit/platform/junit-platform-engine/1.11.4/junit-platform-engine-1.11.4.jar:/opt/apps/maven/repository/org/mockito/mockito-core/5.14.2/mockito-core-5.14.2.jar:/opt/apps/maven/repository/net/bytebuddy/byte-buddy-agent/1.15.11/byte-buddy-agent-1.15.11.jar:/opt/apps/maven/repository/org/objenesis/objenesis/3.3/objenesis-3.3.jar:/opt/apps/maven/repository/org/mockito/mockito-junit-jupiter/5.14.2/mockito-junit-jupiter-5.14.2.jar:/opt/apps/maven/repository/org/skyscreamer/jsonassert/1.5.3/jsonassert-1.5.3.jar:/opt/apps/maven/repository/com/vaadin/external/google/android-json/0.0.20131108.vaadin1/android-json-0.0.20131108.vaadin1.jar:/opt/apps/maven/repository/org/springframework/spring-core/6.2.6/spring-core-6.2.6.jar:/opt/apps/maven/repository/org/springframework/spring-jcl/6.2.6/spring-jcl-6.2.6.jar:/opt/apps/maven/repository/org/springframework/spring-test/6.2.6/spring-test-6.2.6.jar:/opt/apps/maven/repository/org/xmlunit/xmlunit-core/2.10.0/xmlunit-core-2.10.0.jar:/opt/apps/maven/repository/org/liquibase/liquibase-core/4.29.2/liquibase-core-4.29.2.jar:/opt/apps/maven/repository/com/opencsv/opencsv/5.9/opencsv-5.9.jar:/opt/apps/maven/repository/org/yaml/snakeyaml/2.3/snakeyaml-2.3.jar:/opt/apps/maven/repository/javax/xml/bind/jaxb-api/2.3.1/jaxb-api-2.3.1.jar:/opt/apps/maven/repository/commons-io/commons-io/2.16.1/commons-io-2.16.1.jar:/opt/apps/maven/repository/org/apache/commons/commons-collections4/4.4/commons-collections4-4.4.jar:/opt/apps/maven/repository/org/apache/commons/commons-text/1.12.0/commons-text-1.12.0.jar:/opt/apps/maven/repository/org/apache/commons/commons-lang3/3.17.0/commons-lang3-3.17.0.jar:/opt/apps/maven/repository/net/datafaker/datafaker/2.4.2/datafaker-2.4.2.jar:/opt/apps/maven/repository/com/github/curious-odd-man/rgxgen/2.0/rgxgen-2.0.jar:/opt/apps/maven/repository/com/googlecode/libphonenumber/libphonenumber/8.13.50/libphonenumber-8.13.50.jar:/opt/apps/maven/repository/org/springframework/kafka/spring-kafka/3.3.5/spring-kafka-3.3.5.jar:/opt/apps/maven/repository/org/springframework/spring-context/6.2.6/spring-context-6.2.6.jar:/opt/apps/maven/repository/org/springframework/spring-messaging/6.2.6/spring-messaging-6.2.6.jar:/opt/apps/maven/repository/org/springframework/spring-tx/6.2.6/spring-tx-6.2.6.jar:/opt/apps/maven/repository/org/springframework/retry/spring-retry/2.0.11/spring-retry-2.0.11.jar:/opt/apps/maven/repository/org/apache/kafka/kafka-clients/3.8.1/kafka-clients-3.8.1.jar:/opt/apps/maven/repository/com/github/luben/zstd-jni/1.5.6-4/zstd-jni-1.5.6-4.jar:/opt/apps/maven/repository/org/lz4/lz4-java/1.8.0/lz4-java-1.8.0.jar:/opt/apps/maven/repository/org/xerial/snappy/snappy-java/1.1.10.5/snappy-java-1.1.10.5.jar:/opt/apps/maven/repository/io/micrometer/micrometer-observation/1.14.6/micrometer-observation-1.14.6.jar:/opt/apps/maven/repository/io/micrometer/micrometer-commons/1.14.6/micrometer-commons-1.14.6.jar:/opt/apps/maven/repository/com/querydsl/querydsl-jpa/5.1.0/querydsl-jpa-5.1.0-jakarta.jar:/opt/apps/maven/repository/com/querydsl/querydsl-core/5.1.0/querydsl-core-5.1.0.jar:/opt/apps/maven/repository/com/mysema/commons/mysema-commons-lang/0.2.4/mysema-commons-lang-0.2.4.jar:/opt/apps/maven/repository/jakarta/persistence/jakarta.persistence-api/3.1.0/jakarta.persistence-api-3.1.0.jar:/opt/apps/maven/repository/jakarta/annotation/jakarta.annotation-api/2.1.1/jakarta.annotation-api-2.1.1.jar:"/>
    <property name="java.vm.vendor" value="Oracle Corporation"/>
    <property name="sun.arch.data.model" value="64"/>
    <property name="java.vendor.url" value="https://java.oracle.com/"/>
    <property name="user.timezone" value="GMT"/>
    <property name="org.jboss.logging.provider" value="slf4j"/>
    <property name="os.name" value="Linux"/>
    <property name="java.vm.specification.version" value="24"/>
    <property name="APPLICATION_NAME" value="env"/>
    <property name="sun.java.launcher" value="SUN_STANDARD"/>
    <property name="user.country" value="US"/>
    <property name="sun.boot.library.path" value="/usr/local/jdk-24/lib"/>
    <property name="sun.java.command" value="/opt/apps/app/target/surefire/surefirebooter-20250629163012146_3.jar /opt/apps/app/target/surefire 2025-06-29T16-30-11_792-jvmRun1 surefire-20250629163012146_1tmp surefire_0-20250629163012146_2tmp"/>
    <property name="jdk.debug" value="release"/>
    <property name="surefire.test.class.path" value="/opt/apps/app/target/test-classes:/opt/apps/app/target/classes:/opt/apps/maven/repository/org/springframework/boot/spring-boot-starter-data-jpa/3.4.5/spring-boot-starter-data-jpa-3.4.5.jar:/opt/apps/maven/repository/org/springframework/boot/spring-boot-starter/3.4.5/spring-boot-starter-3.4.5.jar:/opt/apps/maven/repository/org/springframework/boot/spring-boot-starter-logging/3.4.5/spring-boot-starter-logging-3.4.5.jar:/opt/apps/maven/repository/ch/qos/logback/logback-classic/1.5.18/logback-classic-1.5.18.jar:/opt/apps/maven/repository/ch/qos/logback/logback-core/1.5.18/logback-core-1.5.18.jar:/opt/apps/maven/repository/org/apache/logging/log4j/log4j-to-slf4j/2.24.3/log4j-to-slf4j-2.24.3.jar:/opt/apps/maven/repository/org/apache/logging/log4j/log4j-api/2.24.3/log4j-api-2.24.3.jar:/opt/apps/maven/repository/org/slf4j/jul-to-slf4j/2.0.17/jul-to-slf4j-2.0.17.jar:/opt/apps/maven/repository/org/springframework/boot/spring-boot-starter-jdbc/3.4.5/spring-boot-starter-jdbc-3.4.5.jar:/opt/apps/maven/repository/com/zaxxer/HikariCP/5.1.0/HikariCP-5.1.0.jar:/opt/apps/maven/repository/org/springframework/spring-jdbc/6.2.6/spring-jdbc-6.2.6.jar:/opt/apps/maven/repository/org/hibernate/orm/hibernate-core/6.6.13.Final/hibernate-core-6.6.13.Final.jar:/opt/apps/maven/repository/jakarta/transaction/jakarta.transaction-api/2.0.1/jakarta.transaction-api-2.0.1.jar:/opt/apps/maven/repository/org/jboss/logging/jboss-logging/3.6.1.Final/jboss-logging-3.6.1.Final.jar:/opt/apps/maven/repository/org/hibernate/common/hibernate-commons-annotations/7.0.3.Final/hibernate-commons-annotations-7.0.3.Final.jar:/opt/apps/maven/repository/io/smallrye/jandex/3.2.0/jandex-3.2.0.jar:/opt/apps/maven/repository/com/fasterxml/classmate/1.7.0/classmate-1.7.0.jar:/opt/apps/maven/repository/net/bytebuddy/byte-buddy/1.15.11/byte-buddy-1.15.11.jar:/opt/apps/maven/repository/org/glassfish/jaxb/jaxb-runtime/4.0.5/jaxb-runtime-4.0.5.jar:/opt/apps/maven/repository/org/glassfish/jaxb/jaxb-core/4.0.5/jaxb-core-4.0.5.jar:/opt/apps/maven/repository/org/eclipse/angus/angus-activation/2.0.2/angus-activation-2.0.2.jar:/opt/apps/maven/repository/org/glassfish/jaxb/txw2/4.0.5/txw2-4.0.5.jar:/opt/apps/maven/repository/com/sun/istack/istack-commons-runtime/4.1.2/istack-commons-runtime-4.1.2.jar:/opt/apps/maven/repository/jakarta/inject/jakarta.inject-api/2.0.1/jakarta.inject-api-2.0.1.jar:/opt/apps/maven/repository/org/antlr/antlr4-runtime/4.13.0/antlr4-runtime-4.13.0.jar:/opt/apps/maven/repository/org/springframework/data/spring-data-jpa/3.4.5/spring-data-jpa-3.4.5.jar:/opt/apps/maven/repository/org/springframework/data/spring-data-commons/3.4.5/spring-data-commons-3.4.5.jar:/opt/apps/maven/repository/org/springframework/spring-orm/6.2.6/spring-orm-6.2.6.jar:/opt/apps/maven/repository/org/springframework/spring-aop/6.2.6/spring-aop-6.2.6.jar:/opt/apps/maven/repository/org/springframework/spring-beans/6.2.6/spring-beans-6.2.6.jar:/opt/apps/maven/repository/org/slf4j/slf4j-api/2.0.17/slf4j-api-2.0.17.jar:/opt/apps/maven/repository/org/springframework/spring-aspects/6.2.6/spring-aspects-6.2.6.jar:/opt/apps/maven/repository/org/aspectj/aspectjweaver/1.9.24/aspectjweaver-1.9.24.jar:/opt/apps/maven/repository/org/springframework/boot/spring-boot-starter-validation/3.4.5/spring-boot-starter-validation-3.4.5.jar:/opt/apps/maven/repository/org/apache/tomcat/embed/tomcat-embed-el/10.1.40/tomcat-embed-el-10.1.40.jar:/opt/apps/maven/repository/org/hibernate/validator/hibernate-validator/8.0.2.Final/hibernate-validator-8.0.2.Final.jar:/opt/apps/maven/repository/jakarta/validation/jakarta.validation-api/3.0.2/jakarta.validation-api-3.0.2.jar:/opt/apps/maven/repository/org/springframework/boot/spring-boot-starter-web/3.4.5/spring-boot-starter-web-3.4.5.jar:/opt/apps/maven/repository/org/springframework/boot/spring-boot-starter-json/3.4.5/spring-boot-starter-json-3.4.5.jar:/opt/apps/maven/repository/com/fasterxml/jackson/core/jackson-databind/2.18.3/jackson-databind-2.18.3.jar:/opt/apps/maven/repository/com/fasterxml/jackson/core/jackson-annotations/2.18.3/jackson-annotations-2.18.3.jar:/opt/apps/maven/repository/com/fasterxml/jackson/core/jackson-core/2.18.3/jackson-core-2.18.3.jar:/opt/apps/maven/repository/com/fasterxml/jackson/datatype/jackson-datatype-jdk8/2.18.3/jackson-datatype-jdk8-2.18.3.jar:/opt/apps/maven/repository/com/fasterxml/jackson/datatype/jackson-datatype-jsr310/2.18.3/jackson-datatype-jsr310-2.18.3.jar:/opt/apps/maven/repository/com/fasterxml/jackson/module/jackson-module-parameter-names/2.18.3/jackson-module-parameter-names-2.18.3.jar:/opt/apps/maven/repository/org/springframework/boot/spring-boot-starter-tomcat/3.4.5/spring-boot-starter-tomcat-3.4.5.jar:/opt/apps/maven/repository/org/apache/tomcat/embed/tomcat-embed-core/10.1.40/tomcat-embed-core-10.1.40.jar:/opt/apps/maven/repository/org/apache/tomcat/embed/tomcat-embed-websocket/10.1.40/tomcat-embed-websocket-10.1.40.jar:/opt/apps/maven/repository/org/springframework/spring-web/6.2.6/spring-web-6.2.6.jar:/opt/apps/maven/repository/org/springframework/spring-webmvc/6.2.6/spring-webmvc-6.2.6.jar:/opt/apps/maven/repository/org/springframework/spring-expression/6.2.6/spring-expression-6.2.6.jar:/opt/apps/maven/repository/com/squareup/okhttp/okhttp/2.7.5/okhttp-2.7.5.jar:/opt/apps/maven/repository/com/squareup/okio/okio/1.6.0/okio-1.6.0.jar:/opt/apps/maven/repository/org/springframework/boot/spring-boot-devtools/3.4.5/spring-boot-devtools-3.4.5.jar:/opt/apps/maven/repository/org/springframework/boot/spring-boot/3.4.5/spring-boot-3.4.5.jar:/opt/apps/maven/repository/org/springframework/boot/spring-boot-autoconfigure/3.4.5/spring-boot-autoconfigure-3.4.5.jar:/opt/apps/maven/repository/com/mysql/mysql-connector-j/9.1.0/mysql-connector-j-9.1.0.jar:/opt/apps/maven/repository/org/projectlombok/lombok/1.18.38/lombok-1.18.38.jar:/opt/apps/maven/repository/org/springframework/boot/spring-boot-starter-test/3.4.5/spring-boot-starter-test-3.4.5.jar:/opt/apps/maven/repository/org/springframework/boot/spring-boot-test/3.4.5/spring-boot-test-3.4.5.jar:/opt/apps/maven/repository/org/springframework/boot/spring-boot-test-autoconfigure/3.4.5/spring-boot-test-autoconfigure-3.4.5.jar:/opt/apps/maven/repository/com/jayway/jsonpath/json-path/2.9.0/json-path-2.9.0.jar:/opt/apps/maven/repository/jakarta/xml/bind/jakarta.xml.bind-api/4.0.2/jakarta.xml.bind-api-4.0.2.jar:/opt/apps/maven/repository/jakarta/activation/jakarta.activation-api/2.1.3/jakarta.activation-api-2.1.3.jar:/opt/apps/maven/repository/net/minidev/json-smart/2.5.2/json-smart-2.5.2.jar:/opt/apps/maven/repository/net/minidev/accessors-smart/2.5.2/accessors-smart-2.5.2.jar:/opt/apps/maven/repository/org/ow2/asm/asm/9.7.1/asm-9.7.1.jar:/opt/apps/maven/repository/org/assertj/assertj-core/3.26.3/assertj-core-3.26.3.jar:/opt/apps/maven/repository/org/awaitility/awaitility/4.2.2/awaitility-4.2.2.jar:/opt/apps/maven/repository/org/hamcrest/hamcrest/2.2/hamcrest-2.2.jar:/opt/apps/maven/repository/org/junit/jupiter/junit-jupiter/5.11.4/junit-jupiter-5.11.4.jar:/opt/apps/maven/repository/org/junit/jupiter/junit-jupiter-api/5.11.4/junit-jupiter-api-5.11.4.jar:/opt/apps/maven/repository/org/opentest4j/opentest4j/1.3.0/opentest4j-1.3.0.jar:/opt/apps/maven/repository/org/junit/platform/junit-platform-commons/1.11.4/junit-platform-commons-1.11.4.jar:/opt/apps/maven/repository/org/apiguardian/apiguardian-api/1.1.2/apiguardian-api-1.1.2.jar:/opt/apps/maven/repository/org/junit/jupiter/junit-jupiter-params/5.11.4/junit-jupiter-params-5.11.4.jar:/opt/apps/maven/repository/org/junit/jupiter/junit-jupiter-engine/5.11.4/junit-jupiter-engine-5.11.4.jar:/opt/apps/maven/repository/org/junit/platform/junit-platform-engine/1.11.4/junit-platform-engine-1.11.4.jar:/opt/apps/maven/repository/org/mockito/mockito-core/5.14.2/mockito-core-5.14.2.jar:/opt/apps/maven/repository/net/bytebuddy/byte-buddy-agent/1.15.11/byte-buddy-agent-1.15.11.jar:/opt/apps/maven/repository/org/objenesis/objenesis/3.3/objenesis-3.3.jar:/opt/apps/maven/repository/org/mockito/mockito-junit-jupiter/5.14.2/mockito-junit-jupiter-5.14.2.jar:/opt/apps/maven/repository/org/skyscreamer/jsonassert/1.5.3/jsonassert-1.5.3.jar:/opt/apps/maven/repository/com/vaadin/external/google/android-json/0.0.20131108.vaadin1/android-json-0.0.20131108.vaadin1.jar:/opt/apps/maven/repository/org/springframework/spring-core/6.2.6/spring-core-6.2.6.jar:/opt/apps/maven/repository/org/springframework/spring-jcl/6.2.6/spring-jcl-6.2.6.jar:/opt/apps/maven/repository/org/springframework/spring-test/6.2.6/spring-test-6.2.6.jar:/opt/apps/maven/repository/org/xmlunit/xmlunit-core/2.10.0/xmlunit-core-2.10.0.jar:/opt/apps/maven/repository/org/liquibase/liquibase-core/4.29.2/liquibase-core-4.29.2.jar:/opt/apps/maven/repository/com/opencsv/opencsv/5.9/opencsv-5.9.jar:/opt/apps/maven/repository/org/yaml/snakeyaml/2.3/snakeyaml-2.3.jar:/opt/apps/maven/repository/javax/xml/bind/jaxb-api/2.3.1/jaxb-api-2.3.1.jar:/opt/apps/maven/repository/commons-io/commons-io/2.16.1/commons-io-2.16.1.jar:/opt/apps/maven/repository/org/apache/commons/commons-collections4/4.4/commons-collections4-4.4.jar:/opt/apps/maven/repository/org/apache/commons/commons-text/1.12.0/commons-text-1.12.0.jar:/opt/apps/maven/repository/org/apache/commons/commons-lang3/3.17.0/commons-lang3-3.17.0.jar:/opt/apps/maven/repository/net/datafaker/datafaker/2.4.2/datafaker-2.4.2.jar:/opt/apps/maven/repository/com/github/curious-odd-man/rgxgen/2.0/rgxgen-2.0.jar:/opt/apps/maven/repository/com/googlecode/libphonenumber/libphonenumber/8.13.50/libphonenumber-8.13.50.jar:/opt/apps/maven/repository/org/springframework/kafka/spring-kafka/3.3.5/spring-kafka-3.3.5.jar:/opt/apps/maven/repository/org/springframework/spring-context/6.2.6/spring-context-6.2.6.jar:/opt/apps/maven/repository/org/springframework/spring-messaging/6.2.6/spring-messaging-6.2.6.jar:/opt/apps/maven/repository/org/springframework/spring-tx/6.2.6/spring-tx-6.2.6.jar:/opt/apps/maven/repository/org/springframework/retry/spring-retry/2.0.11/spring-retry-2.0.11.jar:/opt/apps/maven/repository/org/apache/kafka/kafka-clients/3.8.1/kafka-clients-3.8.1.jar:/opt/apps/maven/repository/com/github/luben/zstd-jni/1.5.6-4/zstd-jni-1.5.6-4.jar:/opt/apps/maven/repository/org/lz4/lz4-java/1.8.0/lz4-java-1.8.0.jar:/opt/apps/maven/repository/org/xerial/snappy/snappy-java/1.1.10.5/snappy-java-1.1.10.5.jar:/opt/apps/maven/repository/io/micrometer/micrometer-observation/1.14.6/micrometer-observation-1.14.6.jar:/opt/apps/maven/repository/io/micrometer/micrometer-commons/1.14.6/micrometer-commons-1.14.6.jar:/opt/apps/maven/repository/com/querydsl/querydsl-jpa/5.1.0/querydsl-jpa-5.1.0-jakarta.jar:/opt/apps/maven/repository/com/querydsl/querydsl-core/5.1.0/querydsl-core-5.1.0.jar:/opt/apps/maven/repository/com/mysema/commons/mysema-commons-lang/0.2.4/mysema-commons-lang-0.2.4.jar:/opt/apps/maven/repository/jakarta/persistence/jakarta.persistence-api/3.1.0/jakarta.persistence-api-3.1.0.jar:/opt/apps/maven/repository/jakarta/annotation/jakarta.annotation-api/2.1.1/jakarta.annotation-api-2.1.1.jar:"/>
    <property name="test" value="PlayerEndpointFeatureTest"/>
    <property name="sun.cpu.endian" value="little"/>
    <property name="user.home" value="/home/app"/>
    <property name="user.language" value="en"/>
    <property name="java.specification.vendor" value="Oracle Corporation"/>
    <property name="java.version.date" value="2025-04-15"/>
    <property name="java.home" value="/usr/local/jdk-24"/>
    <property name="file.separator" value="/"/>
    <property name="basedir" value="/opt/apps/app"/>
    <property name="java.vm.compressedOopsMode" value="32-bit"/>
    <property name="line.separator" value="&#10;"/>
    <property name="java.vm.specification.vendor" value="Oracle Corporation"/>
    <property name="java.specification.name" value="Java Platform API Specification"/>
    <property name="FILE_LOG_CHARSET" value="UTF-8"/>
    <property name="java.awt.headless" value="true"/>
    <property name="surefire.real.class.path" value="/opt/apps/app/target/surefire/surefirebooter-20250629163012146_3.jar"/>
    <property name="sun.management.compiler" value="HotSpot 64-Bit Tiered Compilers"/>
    <property name="java.runtime.version" value="24.0.1+9-30"/>
    <property name="user.name" value="app"/>
    <property name="stdout.encoding" value="ANSI_X3.4-1968"/>
    <property name="path.separator" value=":"/>
    <property name="os.version" value="6.10.14-linuxkit"/>
    <property name="java.runtime.name" value="Java(TM) SE Runtime Environment"/>
    <property name="file.encoding" value="UTF-8"/>
    <property name="java.vm.name" value="Java HotSpot(TM) 64-Bit Server VM"/>
    <property name="localRepository" value="/opt/apps/maven/repository"/>
    <property name="java.vendor.url.bug" value="https://bugreport.java.com/bugreport/"/>
    <property name="java.io.tmpdir" value="/tmp"/>
    <property name="com.zaxxer.hikari.pool_number" value="1"/>
    <property name="java.version" value="24.0.1"/>
    <property name="user.dir" value="/opt/apps/app"/>
    <property name="os.arch" value="amd64"/>
    <property name="java.vm.specification.name" value="Java Virtual Machine Specification"/>
    <property name="PID" value="8128"/>
    <property name="CONSOLE_LOG_CHARSET" value="UTF-8"/>
    <property name="native.encoding" value="ANSI_X3.4-1968"/>
    <property name="java.library.path" value="/usr/java/packages/lib:/usr/lib64:/lib64:/lib:/usr/lib"/>
    <property name="java.vm.info" value="mixed mode, sharing"/>
    <property name="stderr.encoding" value="ANSI_X3.4-1968"/>
    <property name="java.vendor" value="Oracle Corporation"/>
    <property name="java.vm.version" value="24.0.1+9-30"/>
    <property name="sun.io.unicode.encoding" value="UnicodeLittle"/>
    <property name="java.class.version" value="68.0"/>
    <property name="LOGGED_APPLICATION_NAME" value="[env] "/>
  </properties>
  <testcase name="testSortByAgeAscending" classname="henrotaym.env.feature.PlayerEndpointFeatureTest" time="3.248">
    <system-out><![CDATA[16:30:15.458 [main] INFO org.springframework.test.context.support.AnnotationConfigContextLoaderUtils -- Could not detect default configuration classes for test class [henrotaym.env.feature.PlayerEndpointFeatureTest]: PlayerEndpointFeatureTest does not declare any static, non-private, non-final, nested classes annotated with @Configuration.
16:30:16.135 [main] INFO org.springframework.boot.test.context.SpringBootTestContextBootstrapper -- Found @SpringBootConfiguration henrotaym.env.EnvApplication for test class henrotaym.env.feature.PlayerEndpointFeatureTest
16:30:16.980 [main] INFO org.springframework.boot.devtools.restart.RestartApplicationListener -- Restart disabled due to context in which it is running

  .   ____          _            __ _ _
 /\\ / ___'_ __ _ _(_)_ __  __ _ \ \ \ \
( ( )\___ | '_ | '_| | '_ \/ _` | \ \ \ \
 \\/  ___)| |_)| | | | | || (_| |  ) ) ) )
  '  |____| .__|_| |_|_| |_\__, | / / / /
 =========|_|==============|___/=/_/_/_/

 :: Spring Boot ::                (v3.4.5)

2025-06-29T16:30:18.809Z  INFO 8128 --- [env] [           main] h.env.feature.PlayerEndpointFeatureTest  : Starting PlayerEndpointFeatureTest using Java 24.0.1 with PID 8128 (started by app in /opt/apps/app)
2025-06-29T16:30:18.813Z  INFO 8128 --- [env] [           main] h.env.feature.PlayerEndpointFeatureTest  : The following 3 profiles are active: "test", "http", "queue"
2025-06-29T16:30:22.079Z  INFO 8128 --- [env] [           main] .s.d.r.c.RepositoryConfigurationDelegate : Bootstrapping Spring Data JPA repositories in DEFAULT mode.
2025-06-29T16:30:22.412Z  INFO 8128 --- [env] [           main] .s.d.r.c.RepositoryConfigurationDelegate : Finished Spring Data repository scanning in 281 ms. Found 1 JPA repository interface.
2025-06-29T16:30:24.451Z  INFO 8128 --- [env] [           main] com.zaxxer.hikari.HikariDataSource       : HikariPool-1 - Starting...
2025-06-29T16:30:26.014Z  INFO 8128 --- [env] [           main] com.zaxxer.hikari.pool.HikariPool        : HikariPool-1 - Added connection com.mysql.cj.jdbc.ConnectionImpl@7db5b890
2025-06-29T16:30:26.020Z  INFO 8128 --- [env] [           main] com.zaxxer.hikari.HikariDataSource       : HikariPool-1 - Start completed.
2025-06-29T16:30:28.065Z  INFO 8128 --- [env] [           main] liquibase.changelog                      : Reading resource: db/changelog/migrations/.gitkeep
2025-06-29T16:30:28.068Z  WARN 8128 --- [env] [           main] liquibase.changelog                      : included file db/changelog/migrations/.gitkeep/db/changelog/migrations/.gitkeep is not a recognized file type
2025-06-29T16:30:28.069Z  INFO 8128 --- [env] [           main] liquibase.changelog                      : Reading resource: db/changelog/migrations/001-create-player-table.xml
2025-06-29T16:30:28.733Z  INFO 8128 --- [env] [           main] liquibase.changelog                      : Reading from testing.DATABASECHANGELOG
2025-06-29T16:30:28.935Z  INFO 8128 --- [env] [           main] liquibase.ui                             : Database is up to date, no changesets to execute
2025-06-29T16:30:28.950Z  INFO 8128 --- [env] [           main] liquibase.changelog                      : Reading from testing.DATABASECHANGELOG
2025-06-29T16:30:28.991Z  INFO 8128 --- [env] [           main] liquibase.util                           : UPDATE SUMMARY
2025-06-29T16:30:28.992Z  INFO 8128 --- [env] [           main] liquibase.util                           : Run:                          0
2025-06-29T16:30:28.992Z  INFO 8128 --- [env] [           main] liquibase.util                           : Previously run:               1
2025-06-29T16:30:28.992Z  INFO 8128 --- [env] [           main] liquibase.util                           : Filtered out:                 0
2025-06-29T16:30:28.993Z  INFO 8128 --- [env] [           main] liquibase.util                           : -------------------------------
2025-06-29T16:30:28.993Z  INFO 8128 --- [env] [           main] liquibase.util                           : Total change sets:            1
2025-06-29T16:30:28.997Z  INFO 8128 --- [env] [           main] liquibase.util                           : Update summary generated
2025-06-29T16:30:29.000Z  INFO 8128 --- [env] [           main] liquibase.command                        : Command execution complete
2025-06-29T16:30:29.498Z  INFO 8128 --- [env] [           main] o.hibernate.jpa.internal.util.LogHelper  : HHH000204: Processing PersistenceUnitInfo [name: default]
2025-06-29T16:30:29.874Z  INFO 8128 --- [env] [           main] org.hibernate.Version                    : HHH000412: Hibernate ORM core version 6.6.13.Final
2025-06-29T16:30:30.071Z  INFO 8128 --- [env] [           main] o.h.c.internal.RegionFactoryInitiator    : HHH000026: Second-level cache disabled
2025-06-29T16:30:31.554Z  INFO 8128 --- [env] [           main] o.s.o.j.p.SpringPersistenceUnitInfo      : No LoadTimeWeaver setup: ignoring JPA class transformer
2025-06-29T16:30:31.922Z  INFO 8128 --- [env] [           main] org.hibernate.orm.connections.pooling    : HHH10001005: Database info:
	Database JDBC URL [Connecting through datasource 'HikariDataSource (HikariPool-1)']
	Database driver: undefined/unknown
	Database version: 8.0.32
	Autocommit mode: undefined/unknown
	Isolation level: undefined/unknown
	Minimum pool size: undefined/unknown
	Maximum pool size: undefined/unknown
2025-06-29T16:30:35.193Z  INFO 8128 --- [env] [           main] o.h.e.t.j.p.i.JtaPlatformInitiator       : HHH000489: No JTA platform available (set 'hibernate.transaction.jta.platform' to enable JTA platform integration)
2025-06-29T16:30:35.205Z  INFO 8128 --- [env] [           main] j.LocalContainerEntityManagerFactoryBean : Initialized JPA EntityManagerFactory for persistence unit 'default'
2025-06-29T16:30:35.242Z  INFO 8128 --- [env] [           main] henrotaym.env.EnvApplication             : 🟡 Profil(s) actif(s): [test, http, queue]
2025-06-29T16:30:36.436Z  WARN 8128 --- [env] [           main] JpaBaseConfiguration$JpaWebConfiguration : spring.jpa.open-in-view is enabled by default. Therefore, database queries may be performed during view rendering. Explicitly configure spring.jpa.open-in-view to disable this warning
2025-06-29T16:30:37.263Z DEBUG 8128 --- [env] [           main] .c.JpaMetamodelMappingContextFactoryBean : Initializing JpaMetamodelMappingContext…
2025-06-29T16:30:37.311Z DEBUG 8128 --- [env] [           main] .c.JpaMetamodelMappingContextFactoryBean : Finished initializing JpaMetamodelMappingContext
2025-06-29T16:30:38.596Z  INFO 8128 --- [env] [           main] o.s.b.t.m.w.SpringBootMockServletContext : Initializing Spring TestDispatcherServlet ''
2025-06-29T16:30:38.598Z  INFO 8128 --- [env] [           main] o.s.t.web.servlet.TestDispatcherServlet  : Initializing Servlet ''
2025-06-29T16:30:38.604Z  INFO 8128 --- [env] [           main] o.s.t.web.servlet.TestDispatcherServlet  : Completed initialization in 2 ms
2025-06-29T16:30:38.739Z  INFO 8128 --- [env] [           main] h.env.feature.PlayerEndpointFeatureTest  : Started PlayerEndpointFeatureTest in 21.825 seconds (process running for 26.311)
2025-06-29T16:30:41.042Z TRACE 8128 --- [env] [           main] org.hibernate.orm.jdbc.bind              : binding parameter (1:DATE) <- [1986-06-03]
2025-06-29T16:30:41.043Z TRACE 8128 --- [env] [           main] org.hibernate.orm.jdbc.bind              : binding parameter (2:VARCHAR) <- [Rafael Nadal]
2025-06-29T16:30:41.044Z TRACE 8128 --- [env] [           main] org.hibernate.orm.jdbc.bind              : binding parameter (3:VARCHAR) <- [ESP]
2025-06-29T16:30:41.044Z TRACE 8128 --- [env] [           main] org.hibernate.orm.jdbc.bind              : binding parameter (4:INTEGER) <- [2]
2025-06-29T16:30:41.092Z TRACE 8128 --- [env] [           main] org.hibernate.orm.jdbc.bind              : binding parameter (1:DATE) <- [1981-08-08]
2025-06-29T16:30:41.093Z TRACE 8128 --- [env] [           main] org.hibernate.orm.jdbc.bind              : binding parameter (2:VARCHAR) <- [Roger Federer]
2025-06-29T16:30:41.094Z TRACE 8128 --- [env] [           main] org.hibernate.orm.jdbc.bind              : binding parameter (3:VARCHAR) <- [SUI]
2025-06-29T16:30:41.094Z TRACE 8128 --- [env] [           main] org.hibernate.orm.jdbc.bind              : binding parameter (4:INTEGER) <- [3]
2025-06-29T16:30:41.104Z TRACE 8128 --- [env] [           main] org.hibernate.orm.jdbc.bind              : binding parameter (1:DATE) <- [2003-05-05]
2025-06-29T16:30:41.105Z TRACE 8128 --- [env] [           main] org.hibernate.orm.jdbc.bind              : binding parameter (2:VARCHAR) <- [Carlos Alcaraz]
2025-06-29T16:30:41.106Z TRACE 8128 --- [env] [           main] org.hibernate.orm.jdbc.bind              : binding parameter (3:VARCHAR) <- [ESP]
2025-06-29T16:30:41.113Z TRACE 8128 --- [env] [           main] org.hibernate.orm.jdbc.bind              : binding parameter (4:INTEGER) <- [1]
2025-06-29T16:30:41.127Z TRACE 8128 --- [env] [           main] org.hibernate.orm.jdbc.bind              : binding parameter (1:DATE) <- [1987-05-15]
2025-06-29T16:30:41.136Z TRACE 8128 --- [env] [           main] org.hibernate.orm.jdbc.bind              : binding parameter (2:VARCHAR) <- [Andy Murray]
2025-06-29T16:30:41.138Z TRACE 8128 --- [env] [           main] org.hibernate.orm.jdbc.bind              : binding parameter (3:VARCHAR) <- [GBR]
2025-06-29T16:30:41.139Z TRACE 8128 --- [env] [           main] org.hibernate.orm.jdbc.bind              : binding parameter (4:INTEGER) <- [4]
]]></system-out>
    <system-err><![CDATA[Mockito is currently self-attaching to enable the inline-mock-maker. This will no longer work in future releases of the JDK. Please add Mockito as an agent to your build what is described in Mockito's documentation: https://javadoc.io/doc/org.mockito/mockito-core/latest/org/mockito/Mockito.html#0.3
WARNING: A Java agent has been loaded dynamically (/opt/apps/maven/repository/net/bytebuddy/byte-buddy-agent/1.15.11/byte-buddy-agent-1.15.11.jar)
WARNING: If a serviceability tool is in use, please run with -XX:+EnableDynamicAgentLoading to hide this warning
WARNING: If a serviceability tool is not in use, please run with -Djdk.instrument.traceUsage for more information
WARNING: Dynamic loading of agents will be disallowed by default in a future release
]]></system-err>
  </testcase>
  <testcase name="testSortByRankingDescending" classname="henrotaym.env.feature.PlayerEndpointFeatureTest" time="0.07">
    <system-out><![CDATA[2025-06-29T16:30:42.086Z TRACE 8128 --- [env] [           main] org.hibernate.orm.jdbc.bind              : binding parameter (1:DATE) <- [1986-06-03]
2025-06-29T16:30:42.086Z TRACE 8128 --- [env] [           main] org.hibernate.orm.jdbc.bind              : binding parameter (2:VARCHAR) <- [Rafael Nadal]
2025-06-29T16:30:42.087Z TRACE 8128 --- [env] [           main] org.hibernate.orm.jdbc.bind              : binding parameter (3:VARCHAR) <- [ESP]
2025-06-29T16:30:42.087Z TRACE 8128 --- [env] [           main] org.hibernate.orm.jdbc.bind              : binding parameter (4:INTEGER) <- [2]
2025-06-29T16:30:42.093Z TRACE 8128 --- [env] [           main] org.hibernate.orm.jdbc.bind              : binding parameter (1:DATE) <- [1981-08-08]
2025-06-29T16:30:42.093Z TRACE 8128 --- [env] [           main] org.hibernate.orm.jdbc.bind              : binding parameter (2:VARCHAR) <- [Roger Federer]
2025-06-29T16:30:42.094Z TRACE 8128 --- [env] [           main] org.hibernate.orm.jdbc.bind              : binding parameter (3:VARCHAR) <- [SUI]
2025-06-29T16:30:42.094Z TRACE 8128 --- [env] [           main] org.hibernate.orm.jdbc.bind              : binding parameter (4:INTEGER) <- [3]
2025-06-29T16:30:42.099Z TRACE 8128 --- [env] [           main] org.hibernate.orm.jdbc.bind              : binding parameter (1:DATE) <- [2003-05-05]
2025-06-29T16:30:42.099Z TRACE 8128 --- [env] [           main] org.hibernate.orm.jdbc.bind              : binding parameter (2:VARCHAR) <- [Carlos Alcaraz]
2025-06-29T16:30:42.100Z TRACE 8128 --- [env] [           main] org.hibernate.orm.jdbc.bind              : binding parameter (3:VARCHAR) <- [ESP]
2025-06-29T16:30:42.101Z TRACE 8128 --- [env] [           main] org.hibernate.orm.jdbc.bind              : binding parameter (4:INTEGER) <- [1]
2025-06-29T16:30:42.106Z TRACE 8128 --- [env] [           main] org.hibernate.orm.jdbc.bind              : binding parameter (1:DATE) <- [1987-05-15]
2025-06-29T16:30:42.107Z TRACE 8128 --- [env] [           main] org.hibernate.orm.jdbc.bind              : binding parameter (2:VARCHAR) <- [Andy Murray]
2025-06-29T16:30:42.108Z TRACE 8128 --- [env] [           main] org.hibernate.orm.jdbc.bind              : binding parameter (3:VARCHAR) <- [GBR]
2025-06-29T16:30:42.108Z TRACE 8128 --- [env] [           main] org.hibernate.orm.jdbc.bind              : binding parameter (4:INTEGER) <- [4]
]]></system-out>
  </testcase>
  <testcase name="testWithoutAnyFilterReturnsAll" classname="henrotaym.env.feature.PlayerEndpointFeatureTest" time="0.078">
    <system-out><![CDATA[2025-06-29T16:30:42.164Z TRACE 8128 --- [env] [           main] org.hibernate.orm.jdbc.bind              : binding parameter (1:DATE) <- [1986-06-03]
2025-06-29T16:30:42.165Z TRACE 8128 --- [env] [           main] org.hibernate.orm.jdbc.bind              : binding parameter (2:VARCHAR) <- [Rafael Nadal]
2025-06-29T16:30:42.165Z TRACE 8128 --- [env] [           main] org.hibernate.orm.jdbc.bind              : binding parameter (3:VARCHAR) <- [ESP]
2025-06-29T16:30:42.165Z TRACE 8128 --- [env] [           main] org.hibernate.orm.jdbc.bind              : binding parameter (4:INTEGER) <- [2]
2025-06-29T16:30:42.174Z TRACE 8128 --- [env] [           main] org.hibernate.orm.jdbc.bind              : binding parameter (1:DATE) <- [1981-08-08]
2025-06-29T16:30:42.174Z TRACE 8128 --- [env] [           main] org.hibernate.orm.jdbc.bind              : binding parameter (2:VARCHAR) <- [Roger Federer]
2025-06-29T16:30:42.175Z TRACE 8128 --- [env] [           main] org.hibernate.orm.jdbc.bind              : binding parameter (3:VARCHAR) <- [SUI]
2025-06-29T16:30:42.175Z TRACE 8128 --- [env] [           main] org.hibernate.orm.jdbc.bind              : binding parameter (4:INTEGER) <- [3]
2025-06-29T16:30:42.181Z TRACE 8128 --- [env] [           main] org.hibernate.orm.jdbc.bind              : binding parameter (1:DATE) <- [2003-05-05]
2025-06-29T16:30:42.183Z TRACE 8128 --- [env] [           main] org.hibernate.orm.jdbc.bind              : binding parameter (2:VARCHAR) <- [Carlos Alcaraz]
2025-06-29T16:30:42.183Z TRACE 8128 --- [env] [           main] org.hibernate.orm.jdbc.bind              : binding parameter (3:VARCHAR) <- [ESP]
2025-06-29T16:30:42.184Z TRACE 8128 --- [env] [           main] org.hibernate.orm.jdbc.bind              : binding parameter (4:INTEGER) <- [1]
2025-06-29T16:30:42.190Z TRACE 8128 --- [env] [           main] org.hibernate.orm.jdbc.bind              : binding parameter (1:DATE) <- [1987-05-15]
2025-06-29T16:30:42.190Z TRACE 8128 --- [env] [           main] org.hibernate.orm.jdbc.bind              : binding parameter (2:VARCHAR) <- [Andy Murray]
2025-06-29T16:30:42.190Z TRACE 8128 --- [env] [           main] org.hibernate.orm.jdbc.bind              : binding parameter (3:VARCHAR) <- [GBR]
2025-06-29T16:30:42.190Z TRACE 8128 --- [env] [           main] org.hibernate.orm.jdbc.bind              : binding parameter (4:INTEGER) <- [4]
]]></system-out>
  </testcase>
  <testcase name="testFilterByNameAndNationality" classname="henrotaym.env.feature.PlayerEndpointFeatureTest" time="0.177">
    <system-out><![CDATA[2025-06-29T16:30:42.246Z TRACE 8128 --- [env] [           main] org.hibernate.orm.jdbc.bind              : binding parameter (1:DATE) <- [1986-06-03]
2025-06-29T16:30:42.247Z TRACE 8128 --- [env] [           main] org.hibernate.orm.jdbc.bind              : binding parameter (2:VARCHAR) <- [Rafael Nadal]
2025-06-29T16:30:42.247Z TRACE 8128 --- [env] [           main] org.hibernate.orm.jdbc.bind              : binding parameter (3:VARCHAR) <- [ESP]
2025-06-29T16:30:42.248Z TRACE 8128 --- [env] [           main] org.hibernate.orm.jdbc.bind              : binding parameter (4:INTEGER) <- [2]
2025-06-29T16:30:42.257Z TRACE 8128 --- [env] [           main] org.hibernate.orm.jdbc.bind              : binding parameter (1:DATE) <- [1981-08-08]
2025-06-29T16:30:42.258Z TRACE 8128 --- [env] [           main] org.hibernate.orm.jdbc.bind              : binding parameter (2:VARCHAR) <- [Roger Federer]
2025-06-29T16:30:42.258Z TRACE 8128 --- [env] [           main] org.hibernate.orm.jdbc.bind              : binding parameter (3:VARCHAR) <- [SUI]
2025-06-29T16:30:42.259Z TRACE 8128 --- [env] [           main] org.hibernate.orm.jdbc.bind              : binding parameter (4:INTEGER) <- [3]
2025-06-29T16:30:42.275Z TRACE 8128 --- [env] [           main] org.hibernate.orm.jdbc.bind              : binding parameter (1:DATE) <- [2003-05-05]
2025-06-29T16:30:42.275Z TRACE 8128 --- [env] [           main] org.hibernate.orm.jdbc.bind              : binding parameter (2:VARCHAR) <- [Carlos Alcaraz]
2025-06-29T16:30:42.275Z TRACE 8128 --- [env] [           main] org.hibernate.orm.jdbc.bind              : binding parameter (3:VARCHAR) <- [ESP]
2025-06-29T16:30:42.276Z TRACE 8128 --- [env] [           main] org.hibernate.orm.jdbc.bind              : binding parameter (4:INTEGER) <- [1]
2025-06-29T16:30:42.283Z TRACE 8128 --- [env] [           main] org.hibernate.orm.jdbc.bind              : binding parameter (1:DATE) <- [1987-05-15]
2025-06-29T16:30:42.283Z TRACE 8128 --- [env] [           main] org.hibernate.orm.jdbc.bind              : binding parameter (2:VARCHAR) <- [Andy Murray]
2025-06-29T16:30:42.284Z TRACE 8128 --- [env] [           main] org.hibernate.orm.jdbc.bind              : binding parameter (3:VARCHAR) <- [GBR]
2025-06-29T16:30:42.284Z TRACE 8128 --- [env] [           main] org.hibernate.orm.jdbc.bind              : binding parameter (4:INTEGER) <- [4]
2025-06-29T16:30:42.382Z TRACE 8128 --- [env] [           main] org.hibernate.orm.jdbc.bind              : binding parameter (1:VARCHAR) <- [%rafa%]
2025-06-29T16:30:42.382Z TRACE 8128 --- [env] [           main] org.hibernate.orm.jdbc.bind              : binding parameter (2:VARCHAR) <- [ESP]
]]></system-out>
  </testcase>
</testsuite>